<?xml version="1.0" encoding="UTF-8"?>
<!-- Generated by org.testng.reporters.JUnitReportReporter -->
<testsuite skipped="0" hostname="RHJ-14F-D533" name="ReadExcel" tests="1" failures="0" timestamp="13 Jun 2018 10:47:59 GMT" time="1.001" errors="0">
  <testcase name="test" time="1.001" classname="ReadExcel"/>
</testsuite> <!-- ReadExcel -->
